{"level":"info","fileLogging":true,"jsonLogOutput":false,"logDirectory":"log","fileName":"eztrust.log","maxSizeMB":100,"maxBackups":120,"maxAgeInDays":120,"time":"2024-05-29T13:25:31+07:00","message":"logging configured"}
{"level":"info","time":"2024-05-29T13:25:31+07:00","message":"Starting API  server..."}
{"level":"info","fileLogging":true,"jsonLogOutput":false,"logDirectory":"log","fileName":"eztrust.log","maxSizeMB":100,"maxBackups":120,"maxAgeInDays":120,"time":"2024-05-29T13:26:02+07:00","message":"logging configured"}
{"level":"info","time":"2024-05-29T13:26:02+07:00","message":"Starting API  server..."}
{"level":"info","fileLogging":true,"jsonLogOutput":false,"logDirectory":"log","fileName":"eztrust.log","maxSizeMB":100,"maxBackups":120,"maxAgeInDays":120,"time":"2024-05-29T13:26:32+07:00","message":"logging configured"}
{"level":"info","time":"2024-05-29T13:26:32+07:00","message":"Starting API  server..."}
{"level":"info","fileLogging":true,"jsonLogOutput":false,"logDirectory":"log","fileName":"eztrust.log","maxSizeMB":100,"maxBackups":120,"maxAgeInDays":120,"time":"2024-05-29T13:30:10+07:00","message":"logging configured"}
{"level":"info","time":"2024-05-29T13:30:10+07:00","message":"Starting API  server..."}
{"level":"info","fileLogging":true,"jsonLogOutput":false,"logDirectory":"log","fileName":"eztrust.log","maxSizeMB":100,"maxBackups":120,"maxAgeInDays":120,"time":"2024-05-29T13:30:42+07:00","message":"logging configured"}
{"level":"info","time":"2024-05-29T13:30:42+07:00","message":"Starting API  server..."}
{"level":"info","fileLogging":true,"jsonLogOutput":false,"logDirectory":"log","fileName":"eztrust.log","maxSizeMB":100,"maxBackups":120,"maxAgeInDays":120,"time":"2024-05-29T15:24:40+07:00","message":"logging configured"}
{"level":"info","time":"2024-05-29T15:24:40+07:00","message":"Starting API  server..."}
{"level":"info","fileLogging":true,"jsonLogOutput":false,"logDirectory":"log","fileName":"eztrust.log","maxSizeMB":100,"maxBackups":120,"maxAgeInDays":120,"time":"2024-05-29T15:26:32+07:00","message":"logging configured"}
{"level":"info","time":"2024-05-29T15:26:32+07:00","message":"Starting API  server..."}
{"level":"info","fileLogging":true,"jsonLogOutput":false,"logDirectory":"log","fileName":"eztrust.log","maxSizeMB":100,"maxBackups":120,"maxAgeInDays":120,"time":"2024-05-29T15:31:17+07:00","message":"logging configured"}
{"level":"info","time":"2024-05-29T15:31:17+07:00","message":"Starting API  server..."}
{"level":"error","error":"json: cannot unmarshal string into Go struct field Tunnel.listen_port of type int","time":"2024-05-29T15:31:32+07:00","message":"Failed to bind JSON"}
{"level":"info","time":"2024-05-29T15:31:44+07:00","message":"Creating wireguard tunnel"}
{"level":"error","error":"invalid CIDR address: 172.16.0.0","time":"2024-05-29T15:31:44+07:00","message":"Failed to parse allowed network"}
{"level":"info","time":"2024-05-29T15:32:04+07:00","message":"Creating wireguard tunnel"}
{"level":"error","error":"exec: \"sudo\": executable file not found in %PATH%","time":"2024-05-29T15:32:04+07:00","message":"Failed to create wireguard interface"}
{"level":"info","fileLogging":true,"jsonLogOutput":false,"logDirectory":"log","fileName":"eztrust.log","maxSizeMB":100,"maxBackups":120,"maxAgeInDays":120,"time":"2024-06-23T10:02:09+07:00","message":"logging configured"}
{"level":"info","time":"2024-06-23T10:02:09+07:00","message":"Starting API  server..."}
{"level":"info","fileLogging":true,"jsonLogOutput":false,"logDirectory":"log","fileName":"eztrust.log","maxSizeMB":100,"maxBackups":120,"maxAgeInDays":120,"time":"2024-06-23T10:02:47+07:00","message":"logging configured"}
{"level":"info","time":"2024-06-23T10:02:47+07:00","message":"Starting API  server..."}
{"level":"info","fileLogging":true,"jsonLogOutput":false,"logDirectory":"log","fileName":"eztrust.log","maxSizeMB":100,"maxBackups":120,"maxAgeInDays":120,"time":"2024-06-23T10:05:24+07:00","message":"logging configured"}
{"level":"info","time":"2024-06-23T10:05:24+07:00","message":"Starting API  server..."}
{"level":"info","fileLogging":true,"jsonLogOutput":false,"logDirectory":"log","fileName":"eztrust.log","maxSizeMB":100,"maxBackups":120,"maxAgeInDays":120,"time":"2024-06-23T11:04:11+07:00","message":"logging configured"}
{"level":"info","time":"2024-06-23T11:04:11+07:00","message":"Starting API  server..."}
{"level":"info","fileLogging":true,"jsonLogOutput":false,"logDirectory":"log","fileName":"eztrust.log","maxSizeMB":100,"maxBackups":120,"maxAgeInDays":120,"time":"2024-06-23T11:04:52+07:00","message":"logging configured"}
{"level":"info","time":"2024-06-23T11:04:52+07:00","message":"Starting API  server..."}
{"level":"info","fileLogging":true,"jsonLogOutput":false,"logDirectory":"log","fileName":"eztrust.log","maxSizeMB":100,"maxBackups":120,"maxAgeInDays":120,"time":"2024-06-23T11:06:29+07:00","message":"logging configured"}
{"level":"info","time":"2024-06-23T11:06:29+07:00","message":"Starting API  server..."}
{"level":"info","fileLogging":true,"jsonLogOutput":false,"logDirectory":"log","fileName":"eztrust.log","maxSizeMB":100,"maxBackups":120,"maxAgeInDays":120,"time":"2024-06-23T11:11:04+07:00","message":"logging configured"}
{"level":"info","time":"2024-06-23T11:11:04+07:00","message":"Starting API  server..."}
{"level":"error","error":"exit status 1","time":"2024-06-23T11:11:07+07:00","message":"Failed to get wireguard peer status"}
{"level":"error","error":"exit status 1","time":"2024-06-23T11:11:07+07:00","message":"Failed to get wireguard peer status"}
{"level":"error","error":"exit status 1","time":"2024-06-23T11:11:30+07:00","message":"Failed to get wireguard peer status"}
{"level":"error","error":"exit status 1","time":"2024-06-23T11:11:30+07:00","message":"Failed to get wireguard peer status"}
{"level":"error","error":"exit status 1","time":"2024-06-23T11:11:30+07:00","message":"Failed to get wireguard peer status"}
{"level":"error","error":"exit status 1","time":"2024-06-23T11:11:30+07:00","message":"Failed to get wireguard peer status"}
{"level":"error","error":"exit status 1","time":"2024-06-23T11:11:31+07:00","message":"Failed to get wireguard peer status"}
{"level":"error","error":"exit status 1","time":"2024-06-23T11:11:31+07:00","message":"Failed to get wireguard peer status"}
{"level":"error","error":"exit status 1","time":"2024-06-23T11:11:33+07:00","message":"Failed to get wireguard peer status"}
{"level":"error","error":"exit status 1","time":"2024-06-23T11:11:33+07:00","message":"Failed to get wireguard peer status"}
{"level":"error","error":"exit status 1","time":"2024-06-23T11:11:35+07:00","message":"Failed to get wireguard peer status"}
{"level":"error","error":"exit status 1","time":"2024-06-23T11:11:35+07:00","message":"Failed to get wireguard peer status"}
{"level":"error","error":"exit status 1","time":"2024-06-23T11:11:48+07:00","message":"Failed to get wireguard peer status"}
{"level":"error","error":"exit status 1","time":"2024-06-23T11:11:48+07:00","message":"Failed to get wireguard peer status"}
{"level":"error","error":"exit status 1","time":"2024-06-23T11:11:49+07:00","message":"Failed to get wireguard peer status"}
{"level":"error","error":"exit status 1","time":"2024-06-23T11:11:49+07:00","message":"Failed to get wireguard peer status"}
{"level":"info","fileLogging":true,"jsonLogOutput":false,"logDirectory":"log","fileName":"eztrust.log","maxSizeMB":100,"maxBackups":120,"maxAgeInDays":120,"time":"2024-06-24T13:37:01+07:00","message":"logging configured"}
{"level":"info","time":"2024-06-24T13:37:01+07:00","message":"Starting API  server..."}
{"level":"info","fileLogging":true,"jsonLogOutput":false,"logDirectory":"log","fileName":"eztrust.log","maxSizeMB":100,"maxBackups":120,"maxAgeInDays":120,"time":"2024-06-24T13:37:34+07:00","message":"logging configured"}
{"level":"info","time":"2024-06-24T13:37:34+07:00","message":"Starting API  server..."}
{"level":"info","fileLogging":true,"jsonLogOutput":false,"logDirectory":"log","fileName":"eztrust.log","maxSizeMB":100,"maxBackups":120,"maxAgeInDays":120,"time":"2024-06-24T13:37:37+07:00","message":"logging configured"}
{"level":"info","time":"2024-06-24T13:37:37+07:00","message":"Starting API  server..."}
{"level":"info","fileLogging":true,"jsonLogOutput":false,"logDirectory":"log","fileName":"eztrust.log","maxSizeMB":100,"maxBackups":120,"maxAgeInDays":120,"time":"2024-06-24T13:37:53+07:00","message":"logging configured"}
{"level":"info","time":"2024-06-24T13:37:53+07:00","message":"Starting API  server..."}
{"level":"info","fileLogging":true,"jsonLogOutput":false,"logDirectory":"log","fileName":"eztrust.log","maxSizeMB":100,"maxBackups":120,"maxAgeInDays":120,"time":"2024-06-24T13:38:19+07:00","message":"logging configured"}
{"level":"info","time":"2024-06-24T13:38:19+07:00","message":"Starting API  server..."}
{"level":"error","error":"exit status 1","time":"2024-06-24T13:39:09+07:00","message":"Failed to get wireguard peer status"}
{"level":"error","error":"exit status 1","time":"2024-06-24T13:39:09+07:00","message":"Failed to get wireguard peer status"}
{"level":"info","fileLogging":true,"jsonLogOutput":false,"logDirectory":"log","fileName":"eztrust.log","maxSizeMB":100,"maxBackups":120,"maxAgeInDays":120,"time":"2024-06-24T13:56:02+07:00","message":"logging configured"}
{"level":"info","time":"2024-06-24T13:56:02+07:00","message":"Starting API  server..."}
{"level":"info","fileLogging":true,"jsonLogOutput":false,"logDirectory":"log","fileName":"eztrust.log","maxSizeMB":100,"maxBackups":120,"maxAgeInDays":120,"time":"2024-06-24T13:57:04+07:00","message":"logging configured"}
{"level":"info","time":"2024-06-24T13:57:04+07:00","message":"Starting API  server..."}
{"level":"error","error":"exit status 1","time":"2024-06-24T13:57:06+07:00","message":"Failed to get wireguard peer status"}
{"level":"error","error":"exit status 1","time":"2024-06-24T13:57:06+07:00","message":"Failed to get wireguard peer status"}
{"level":"info","fileLogging":true,"jsonLogOutput":false,"logDirectory":"log","fileName":"eztrust.log","maxSizeMB":100,"maxBackups":120,"maxAgeInDays":120,"time":"2024-06-24T13:57:51+07:00","message":"logging configured"}
{"level":"info","time":"2024-06-24T13:57:51+07:00","message":"Starting API  server..."}
{"level":"error","error":"exit status 1","time":"2024-06-24T13:57:53+07:00","message":"Failed to get wireguard peer status"}
{"level":"error","error":"exit status 1","time":"2024-06-24T13:57:53+07:00","message":"Failed to get wireguard peer status"}
{"level":"info","fileLogging":true,"jsonLogOutput":false,"logDirectory":"log","fileName":"eztrust.log","maxSizeMB":100,"maxBackups":120,"maxAgeInDays":120,"time":"2024-06-24T14:10:14+07:00","message":"logging configured"}
{"level":"info","time":"2024-06-24T14:10:14+07:00","message":"Starting API  server..."}
{"level":"error","error":"exit status 1","time":"2024-06-24T14:10:34+07:00","message":"Failed to get wireguard peer status"}
{"level":"error","error":"exit status 1","time":"2024-06-24T14:10:34+07:00","message":"Failed to read peer status"}
{"level":"error","error":"exit status 1","time":"2024-06-24T14:10:34+07:00","message":"Failed to get wireguard peer status"}
{"level":"error","error":"exit status 1","time":"2024-06-24T14:10:34+07:00","message":"Failed to read peer status"}
{"level":"info","fileLogging":true,"jsonLogOutput":false,"logDirectory":"log","fileName":"eztrust.log","maxSizeMB":100,"maxBackups":120,"maxAgeInDays":120,"time":"2024-06-24T14:12:07+07:00","message":"logging configured"}
{"level":"info","time":"2024-06-24T14:12:07+07:00","message":"Starting API  server..."}
{"level":"error","error":"exit status 1","time":"2024-06-24T14:12:09+07:00","message":"Failed to get wireguard peer status"}
{"level":"error","error":"exit status 1","time":"2024-06-24T14:12:09+07:00","message":"Failed to read peer status"}
{"level":"error","error":"exit status 1","time":"2024-06-24T14:12:09+07:00","message":"Failed to get wireguard peer status"}
{"level":"error","error":"exit status 1","time":"2024-06-24T14:12:09+07:00","message":"Failed to read peer status"}
{"level":"info","fileLogging":true,"jsonLogOutput":false,"logDirectory":"log","fileName":"eztrust.log","maxSizeMB":100,"maxBackups":120,"maxAgeInDays":120,"time":"2024-06-24T14:12:27+07:00","message":"logging configured"}
{"level":"info","time":"2024-06-24T14:12:27+07:00","message":"Starting API  server..."}
{"level":"error","error":"exit status 1","time":"2024-06-24T14:12:30+07:00","message":"Failed to get wireguard peer status"}
{"level":"error","error":"exit status 1","time":"2024-06-24T14:12:30+07:00","message":"Failed to read peer status"}
{"level":"error","error":"exit status 1","time":"2024-06-24T14:12:30+07:00","message":"Failed to get wireguard peer status"}
{"level":"error","error":"exit status 1","time":"2024-06-24T14:12:30+07:00","message":"Failed to read peer status"}
{"level":"info","fileLogging":true,"jsonLogOutput":false,"logDirectory":"log","fileName":"eztrust.log","maxSizeMB":100,"maxBackups":120,"maxAgeInDays":120,"time":"2024-06-24T14:13:23+07:00","message":"logging configured"}
{"level":"info","time":"2024-06-24T14:13:23+07:00","message":"Starting API  server..."}
{"level":"error","error":"exit status 1","time":"2024-06-24T14:13:26+07:00","message":"Failed to get wireguard peer status"}
{"level":"error","error":"exit status 1","time":"2024-06-24T14:13:26+07:00","message":"Failed to read peer status"}
{"level":"error","error":"exit status 1","time":"2024-06-24T14:13:26+07:00","message":"Failed to get wireguard peer status"}
{"level":"error","error":"exit status 1","time":"2024-06-24T14:13:26+07:00","message":"Failed to read peer status"}
{"level":"info","fileLogging":true,"jsonLogOutput":false,"logDirectory":"log","fileName":"eztrust.log","maxSizeMB":100,"maxBackups":120,"maxAgeInDays":120,"time":"2024-06-24T14:14:10+07:00","message":"logging configured"}
{"level":"info","time":"2024-06-24T14:14:10+07:00","message":"Starting API  server..."}
{"level":"error","error":"exit status 1","time":"2024-06-24T14:14:12+07:00","message":"Failed to get wireguard peer status"}
{"level":"error","error":"exit status 1","time":"2024-06-24T14:14:12+07:00","message":"Failed to read peer status"}
{"level":"error","error":"exit status 1","time":"2024-06-24T14:14:12+07:00","message":"Failed to get wireguard peer status"}
{"level":"error","error":"exit status 1","time":"2024-06-24T14:14:12+07:00","message":"Failed to read peer status"}
{"level":"info","fileLogging":true,"jsonLogOutput":false,"logDirectory":"log","fileName":"eztrust.log","maxSizeMB":100,"maxBackups":120,"maxAgeInDays":120,"time":"2024-06-24T14:16:24+07:00","message":"logging configured"}
{"level":"info","time":"2024-06-24T14:16:24+07:00","message":"Starting API  server..."}
{"level":"error","error":"exit status 1","time":"2024-06-24T14:16:33+07:00","message":"Failed to get wireguard peer status"}
{"level":"error","error":"exit status 1","time":"2024-06-24T14:16:33+07:00","message":"Failed to read peer status"}
{"level":"error","error":"exit status 1","time":"2024-06-24T14:16:33+07:00","message":"Failed to get wireguard peer status"}
{"level":"error","error":"exit status 1","time":"2024-06-24T14:16:33+07:00","message":"Failed to read peer status"}
{"level":"error","error":"exit status 1","time":"2024-06-24T14:16:39+07:00","message":"Failed to get wireguard peer status"}
{"level":"error","error":"exit status 1","time":"2024-06-24T14:16:39+07:00","message":"Failed to read peer status"}
{"level":"error","error":"exit status 1","time":"2024-06-24T14:16:39+07:00","message":"Failed to get wireguard peer status"}
{"level":"error","error":"exit status 1","time":"2024-06-24T14:16:39+07:00","message":"Failed to read peer status"}
{"level":"error","error":"exit status 1","time":"2024-06-24T14:16:45+07:00","message":"Failed to get wireguard peer status"}
{"level":"error","error":"exit status 1","time":"2024-06-24T14:16:45+07:00","message":"Failed to read peer status"}
{"level":"error","error":"exit status 1","time":"2024-06-24T14:16:45+07:00","message":"Failed to get wireguard peer status"}
{"level":"error","error":"exit status 1","time":"2024-06-24T14:16:45+07:00","message":"Failed to read peer status"}
{"level":"info","fileLogging":true,"jsonLogOutput":false,"logDirectory":"log","fileName":"eztrust.log","maxSizeMB":100,"maxBackups":120,"maxAgeInDays":120,"time":"2024-06-24T14:17:49+07:00","message":"logging configured"}
{"level":"info","time":"2024-06-24T14:17:49+07:00","message":"Starting API  server..."}
{"level":"error","error":"exit status 1","time":"2024-06-24T14:17:52+07:00","message":"Failed to get wireguard peer status"}
{"level":"error","error":"exit status 1","time":"2024-06-24T14:17:52+07:00","message":"Failed to read peer status"}
{"level":"error","error":"exit status 1","time":"2024-06-24T14:17:52+07:00","message":"Failed to get wireguard peer status"}
{"level":"error","error":"exit status 1","time":"2024-06-24T14:17:52+07:00","message":"Failed to read peer status"}
{"level":"info","fileLogging":true,"jsonLogOutput":false,"logDirectory":"log","fileName":"eztrust.log","maxSizeMB":100,"maxBackups":120,"maxAgeInDays":120,"time":"2024-06-24T14:40:15+07:00","message":"logging configured"}
{"level":"info","time":"2024-06-24T14:40:15+07:00","message":"Starting API  server..."}
{"level":"error","error":"exit status 1","time":"2024-06-24T14:40:18+07:00","message":"Failed to get wireguard peer status"}
{"level":"error","error":"exit status 1","time":"2024-06-24T14:40:18+07:00","message":"Failed to read peer status"}
{"level":"error","error":"exit status 1","time":"2024-06-24T14:40:18+07:00","message":"Failed to get wireguard peer status"}
{"level":"error","error":"exit status 1","time":"2024-06-24T14:40:18+07:00","message":"Failed to read peer status"}
{"level":"info","fileLogging":true,"jsonLogOutput":false,"logDirectory":"log","fileName":"eztrust.log","maxSizeMB":100,"maxBackups":120,"maxAgeInDays":120,"time":"2024-06-24T14:41:43+07:00","message":"logging configured"}
{"level":"info","time":"2024-06-24T14:41:43+07:00","message":"Starting API  server..."}
{"level":"error","error":"exit status 1","time":"2024-06-24T14:41:45+07:00","message":"Failed to get wireguard peer status"}
{"level":"error","error":"exit status 1","time":"2024-06-24T14:41:45+07:00","message":"Failed to read peer status"}
{"level":"error","error":"exit status 1","time":"2024-06-24T14:41:45+07:00","message":"Failed to get wireguard peer status"}
{"level":"error","error":"exit status 1","time":"2024-06-24T14:41:45+07:00","message":"Failed to read peer status"}
{"level":"error","error":"exit status 1","time":"2024-06-24T14:41:48+07:00","message":"Failed to get wireguard peer status"}
{"level":"error","error":"exit status 1","time":"2024-06-24T14:41:48+07:00","message":"Failed to read peer status"}
{"level":"error","error":"exit status 1","time":"2024-06-24T14:41:48+07:00","message":"Failed to get wireguard peer status"}
{"level":"error","error":"exit status 1","time":"2024-06-24T14:41:48+07:00","message":"Failed to read peer status"}
{"level":"error","error":"exit status 1","time":"2024-06-24T14:41:49+07:00","message":"Failed to get wireguard peer status"}
{"level":"error","error":"exit status 1","time":"2024-06-24T14:41:49+07:00","message":"Failed to read peer status"}
{"level":"error","error":"exit status 1","time":"2024-06-24T14:41:49+07:00","message":"Failed to get wireguard peer status"}
{"level":"error","error":"exit status 1","time":"2024-06-24T14:41:49+07:00","message":"Failed to read peer status"}
{"level":"error","error":"exit status 1","time":"2024-06-24T14:41:50+07:00","message":"Failed to get wireguard peer status"}
{"level":"error","error":"exit status 1","time":"2024-06-24T14:41:50+07:00","message":"Failed to read peer status"}
{"level":"error","error":"exit status 1","time":"2024-06-24T14:41:50+07:00","message":"Failed to get wireguard peer status"}
{"level":"error","error":"exit status 1","time":"2024-06-24T14:41:50+07:00","message":"Failed to read peer status"}
{"level":"info","fileLogging":true,"jsonLogOutput":false,"logDirectory":"log","fileName":"eztrust.log","maxSizeMB":100,"maxBackups":120,"maxAgeInDays":120,"time":"2024-06-24T14:43:29+07:00","message":"logging configured"}
{"level":"info","time":"2024-06-24T14:43:29+07:00","message":"Starting API  server..."}
{"level":"error","error":"exit status 1","time":"2024-06-24T14:43:37+07:00","message":"Failed to get wireguard peer status"}
{"level":"error","error":"exit status 1","time":"2024-06-24T14:43:37+07:00","message":"Failed to read peer status"}
{"level":"error","error":"exit status 1","time":"2024-06-24T14:43:37+07:00","message":"Failed to get wireguard peer status"}
{"level":"error","error":"exit status 1","time":"2024-06-24T14:43:37+07:00","message":"Failed to read peer status"}
{"level":"info","fileLogging":true,"jsonLogOutput":false,"logDirectory":"log","fileName":"eztrust.log","maxSizeMB":100,"maxBackups":120,"maxAgeInDays":120,"time":"2024-06-24T14:44:03+07:00","message":"logging configured"}
{"level":"info","time":"2024-06-24T14:44:03+07:00","message":"Starting API  server..."}
{"level":"error","error":"exit status 1","time":"2024-06-24T14:44:05+07:00","message":"Failed to get wireguard peer status"}
{"level":"error","error":"exit status 1","time":"2024-06-24T14:44:05+07:00","message":"Failed to read peer status"}
{"level":"error","error":"exit status 1","time":"2024-06-24T14:44:05+07:00","message":"Failed to get wireguard peer status"}
{"level":"error","error":"exit status 1","time":"2024-06-24T14:44:05+07:00","message":"Failed to read peer status"}
{"level":"info","fileLogging":true,"jsonLogOutput":false,"logDirectory":"log","fileName":"eztrust.log","maxSizeMB":100,"maxBackups":120,"maxAgeInDays":120,"time":"2024-06-24T14:44:30+07:00","message":"logging configured"}
{"level":"info","time":"2024-06-24T14:44:30+07:00","message":"Starting API  server..."}
{"level":"error","error":"exit status 1","time":"2024-06-24T14:44:32+07:00","message":"Failed to get wireguard peer status"}
{"level":"error","error":"exit status 1","time":"2024-06-24T14:44:32+07:00","message":"Failed to read peer status"}
{"level":"error","error":"exit status 1","time":"2024-06-24T14:44:32+07:00","message":"Failed to get wireguard peer status"}
{"level":"error","error":"exit status 1","time":"2024-06-24T14:44:32+07:00","message":"Failed to read peer status"}
{"level":"info","fileLogging":true,"jsonLogOutput":false,"logDirectory":"log","fileName":"eztrust.log","maxSizeMB":100,"maxBackups":120,"maxAgeInDays":120,"time":"2024-06-24T14:46:39+07:00","message":"logging configured"}
{"level":"info","time":"2024-06-24T14:46:39+07:00","message":"Starting API  server..."}
{"level":"error","error":"exit status 1","time":"2024-06-24T14:46:41+07:00","message":"Failed to get wireguard peer status"}
{"level":"error","error":"exit status 1","time":"2024-06-24T14:46:41+07:00","message":"Failed to read peer status"}
{"level":"error","error":"exit status 1","time":"2024-06-24T14:46:41+07:00","message":"Failed to get wireguard peer status"}
{"level":"error","error":"exit status 1","time":"2024-06-24T14:46:41+07:00","message":"Failed to read peer status"}
{"level":"info","fileLogging":true,"jsonLogOutput":false,"logDirectory":"log","fileName":"eztrust.log","maxSizeMB":100,"maxBackups":120,"maxAgeInDays":120,"time":"2024-06-24T14:47:35+07:00","message":"logging configured"}
{"level":"info","time":"2024-06-24T14:47:35+07:00","message":"Starting API  server..."}
{"level":"error","error":"exit status 1","time":"2024-06-24T14:47:38+07:00","message":"Failed to get wireguard peer status"}
{"level":"error","error":"exit status 1","time":"2024-06-24T14:47:38+07:00","message":"Failed to read peer status"}
{"level":"error","error":"exit status 1","time":"2024-06-24T14:47:38+07:00","message":"Failed to get wireguard peer status"}
{"level":"error","error":"exit status 1","time":"2024-06-24T14:47:38+07:00","message":"Failed to read peer status"}
{"level":"info","fileLogging":true,"jsonLogOutput":false,"logDirectory":"log","fileName":"eztrust.log","maxSizeMB":100,"maxBackups":120,"maxAgeInDays":120,"time":"2024-06-24T14:49:47+07:00","message":"logging configured"}
{"level":"info","time":"2024-06-24T14:49:47+07:00","message":"Starting API  server..."}
{"level":"info","fileLogging":true,"jsonLogOutput":false,"logDirectory":"log","fileName":"eztrust.log","maxSizeMB":100,"maxBackups":120,"maxAgeInDays":120,"time":"2024-06-24T14:49:56+07:00","message":"logging configured"}
{"level":"info","time":"2024-06-24T14:49:56+07:00","message":"Starting API  server..."}
{"level":"error","error":"exit status 1","time":"2024-06-24T14:50:02+07:00","message":"Failed to get wireguard peer status"}
{"level":"error","error":"exit status 1","time":"2024-06-24T14:50:02+07:00","message":"Failed to read peer status"}
{"level":"error","error":"exit status 1","time":"2024-06-24T14:50:02+07:00","message":"Failed to get wireguard peer status"}
{"level":"error","error":"exit status 1","time":"2024-06-24T14:50:02+07:00","message":"Failed to read peer status"}
{"level":"info","fileLogging":true,"jsonLogOutput":false,"logDirectory":"log","fileName":"eztrust.log","maxSizeMB":100,"maxBackups":120,"maxAgeInDays":120,"time":"2024-06-24T15:11:38+07:00","message":"logging configured"}
{"level":"info","time":"2024-06-24T15:11:38+07:00","message":"Starting API  server..."}
{"level":"info","fileLogging":true,"jsonLogOutput":false,"logDirectory":"log","fileName":"eztrust.log","maxSizeMB":100,"maxBackups":120,"maxAgeInDays":120,"time":"2024-06-24T15:11:54+07:00","message":"logging configured"}
{"level":"info","time":"2024-06-24T15:11:54+07:00","message":"Starting API  server..."}
{"level":"error","error":"exit status 1","time":"2024-06-24T15:11:57+07:00","message":"Failed to get wireguard peer status"}
{"level":"error","error":"exit status 1","time":"2024-06-24T15:11:57+07:00","message":"Failed to read peer status"}
{"level":"error","error":"exit status 1","time":"2024-06-24T15:11:57+07:00","message":"Failed to get wireguard peer status"}
{"level":"error","error":"exit status 1","time":"2024-06-24T15:11:57+07:00","message":"Failed to read peer status"}
{"level":"info","fileLogging":true,"jsonLogOutput":false,"logDirectory":"log","fileName":"eztrust.log","maxSizeMB":100,"maxBackups":120,"maxAgeInDays":120,"time":"2024-06-24T15:52:26+07:00","message":"logging configured"}
{"level":"info","time":"2024-06-24T15:52:26+07:00","message":"Starting API  server..."}
{"level":"error","error":"exit status 1","time":"2024-06-24T15:52:51+07:00","message":"Failed to get wireguard peer status"}
{"level":"error","error":"exit status 1","time":"2024-06-24T15:52:51+07:00","message":"Failed to read peer status"}
{"level":"error","error":"exit status 1","time":"2024-06-24T15:52:51+07:00","message":"Failed to get wireguard peer status"}
{"level":"error","error":"exit status 1","time":"2024-06-24T15:52:51+07:00","message":"Failed to read peer status"}
{"level":"info","fileLogging":true,"jsonLogOutput":false,"logDirectory":"log","fileName":"eztrust.log","maxSizeMB":100,"maxBackups":120,"maxAgeInDays":120,"time":"2024-06-24T16:02:29+07:00","message":"logging configured"}
{"level":"info","time":"2024-06-24T16:02:29+07:00","message":"Starting API  server..."}
{"level":"error","error":"exit status 1","time":"2024-06-24T16:03:00+07:00","message":"Failed to get wireguard peer status"}
{"level":"error","error":"exit status 1","time":"2024-06-24T16:03:00+07:00","message":"Failed to read peer status"}
{"level":"error","error":"exit status 1","time":"2024-06-24T16:03:00+07:00","message":"Failed to get wireguard peer status"}
{"level":"error","error":"exit status 1","time":"2024-06-24T16:03:00+07:00","message":"Failed to read peer status"}
{"level":"info","fileLogging":true,"jsonLogOutput":false,"logDirectory":"log","fileName":"eztrust.log","maxSizeMB":100,"maxBackups":120,"maxAgeInDays":120,"time":"2024-06-24T16:03:27+07:00","message":"logging configured"}
{"level":"info","time":"2024-06-24T16:03:27+07:00","message":"Starting API  server..."}
{"level":"error","error":"exit status 1","time":"2024-06-24T16:03:31+07:00","message":"Failed to get wireguard peer status"}
{"level":"error","error":"exit status 1","time":"2024-06-24T16:03:31+07:00","message":"Failed to read peer status"}
{"level":"error","error":"exit status 1","time":"2024-06-24T16:03:31+07:00","message":"Failed to get wireguard peer status"}
{"level":"error","error":"exit status 1","time":"2024-06-24T16:03:31+07:00","message":"Failed to read peer status"}
{"level":"error","error":"exit status 1","time":"2024-06-24T16:03:50+07:00","message":"Failed to get wireguard peer status"}
{"level":"error","error":"exit status 1","time":"2024-06-24T16:03:50+07:00","message":"Failed to read peer status"}
{"level":"error","error":"exit status 1","time":"2024-06-24T16:03:50+07:00","message":"Failed to get wireguard peer status"}
{"level":"error","error":"exit status 1","time":"2024-06-24T16:03:50+07:00","message":"Failed to read peer status"}
{"level":"info","fileLogging":true,"jsonLogOutput":false,"logDirectory":"log","fileName":"eztrust.log","maxSizeMB":100,"maxBackups":120,"maxAgeInDays":120,"time":"2024-06-24T16:04:29+07:00","message":"logging configured"}
{"level":"info","time":"2024-06-24T16:04:29+07:00","message":"Starting API  server..."}
{"level":"error","error":"exit status 1","time":"2024-06-24T16:04:34+07:00","message":"Failed to get wireguard peer status"}
{"level":"error","error":"exit status 1","time":"2024-06-24T16:04:34+07:00","message":"Failed to read peer status"}
{"level":"error","error":"exit status 1","time":"2024-06-24T16:04:34+07:00","message":"Failed to get wireguard peer status"}
{"level":"error","error":"exit status 1","time":"2024-06-24T16:04:34+07:00","message":"Failed to read peer status"}
{"level":"error","error":"exit status 1","time":"2024-06-24T16:04:43+07:00","message":"Failed to get wireguard peer status"}
{"level":"error","error":"exit status 1","time":"2024-06-24T16:04:43+07:00","message":"Failed to read peer status"}
{"level":"error","error":"exit status 1","time":"2024-06-24T16:04:43+07:00","message":"Failed to get wireguard peer status"}
{"level":"error","error":"exit status 1","time":"2024-06-24T16:04:43+07:00","message":"Failed to read peer status"}
{"level":"error","error":"exit status 1","time":"2024-06-24T16:24:04+07:00","message":"Failed to get wireguard peer status"}
{"level":"error","error":"exit status 1","time":"2024-06-24T16:24:04+07:00","message":"Failed to read peer status"}
{"level":"error","error":"exit status 1","time":"2024-06-24T16:24:04+07:00","message":"Failed to get wireguard peer status"}
{"level":"error","error":"exit status 1","time":"2024-06-24T16:24:04+07:00","message":"Failed to read peer status"}
{"level":"error","error":"exit status 1","time":"2024-06-24T16:24:06+07:00","message":"Failed to get wireguard peer status"}
{"level":"error","error":"exit status 1","time":"2024-06-24T16:24:06+07:00","message":"Failed to read peer status"}
{"level":"error","error":"exit status 1","time":"2024-06-24T16:24:06+07:00","message":"Failed to get wireguard peer status"}
{"level":"error","error":"exit status 1","time":"2024-06-24T16:24:06+07:00","message":"Failed to read peer status"}
{"level":"info","fileLogging":true,"jsonLogOutput":false,"logDirectory":"log","fileName":"eztrust.log","maxSizeMB":100,"maxBackups":120,"maxAgeInDays":120,"time":"2024-06-24T16:26:20+07:00","message":"logging configured"}
{"level":"info","time":"2024-06-24T16:26:20+07:00","message":"Starting API  server..."}
{"level":"error","error":"exit status 1","time":"2024-06-24T16:26:25+07:00","message":"Failed to get wireguard peer status"}
{"level":"error","error":"exit status 1","time":"2024-06-24T16:26:25+07:00","message":"Failed to read peer status"}
{"level":"error","error":"exit status 1","time":"2024-06-24T16:26:25+07:00","message":"Failed to get wireguard peer status"}
{"level":"error","error":"exit status 1","time":"2024-06-24T16:26:25+07:00","message":"Failed to read peer status"}
{"level":"error","error":"exit status 1","time":"2024-06-24T16:26:33+07:00","message":"Failed to get wireguard peer status"}
{"level":"error","error":"exit status 1","time":"2024-06-24T16:26:33+07:00","message":"Failed to read peer status"}
{"level":"error","error":"exit status 1","time":"2024-06-24T16:26:33+07:00","message":"Failed to get wireguard peer status"}
{"level":"error","error":"exit status 1","time":"2024-06-24T16:26:33+07:00","message":"Failed to read peer status"}
{"level":"error","error":"exit status 1","time":"2024-06-24T16:27:00+07:00","message":"Failed to get wireguard peer status"}
{"level":"error","error":"exit status 1","time":"2024-06-24T16:27:00+07:00","message":"Failed to read peer status"}
{"level":"error","error":"exit status 1","time":"2024-06-24T16:27:00+07:00","message":"Failed to get wireguard peer status"}
{"level":"error","error":"exit status 1","time":"2024-06-24T16:27:00+07:00","message":"Failed to read peer status"}
{"level":"error","error":"exit status 1","time":"2024-06-24T16:27:21+07:00","message":"Failed to get wireguard peer status"}
{"level":"error","error":"exit status 1","time":"2024-06-24T16:27:21+07:00","message":"Failed to read peer status"}
{"level":"error","error":"exit status 1","time":"2024-06-24T16:27:21+07:00","message":"Failed to get wireguard peer status"}
{"level":"error","error":"exit status 1","time":"2024-06-24T16:27:21+07:00","message":"Failed to read peer status"}
{"level":"error","error":"exit status 1","time":"2024-06-24T16:27:29+07:00","message":"Failed to get wireguard peer status"}
{"level":"error","error":"exit status 1","time":"2024-06-24T16:27:29+07:00","message":"Failed to read peer status"}
{"level":"error","error":"exit status 1","time":"2024-06-24T16:27:29+07:00","message":"Failed to get wireguard peer status"}
{"level":"error","error":"exit status 1","time":"2024-06-24T16:27:29+07:00","message":"Failed to read peer status"}
{"level":"error","error":"exit status 1","time":"2024-06-24T16:27:51+07:00","message":"Failed to get wireguard peer status"}
{"level":"error","error":"exit status 1","time":"2024-06-24T16:27:51+07:00","message":"Failed to read peer status"}
{"level":"error","error":"exit status 1","time":"2024-06-24T16:27:51+07:00","message":"Failed to get wireguard peer status"}
{"level":"error","error":"exit status 1","time":"2024-06-24T16:27:51+07:00","message":"Failed to read peer status"}
{"level":"error","error":"exit status 1","time":"2024-06-24T16:27:53+07:00","message":"Failed to get wireguard peer status"}
{"level":"error","error":"exit status 1","time":"2024-06-24T16:27:53+07:00","message":"Failed to read peer status"}
{"level":"error","error":"exit status 1","time":"2024-06-24T16:27:53+07:00","message":"Failed to get wireguard peer status"}
{"level":"error","error":"exit status 1","time":"2024-06-24T16:27:53+07:00","message":"Failed to read peer status"}
{"level":"error","error":"exit status 1","time":"2024-06-24T16:28:20+07:00","message":"Failed to get wireguard peer status"}
{"level":"error","error":"exit status 1","time":"2024-06-24T16:28:20+07:00","message":"Failed to read peer status"}
{"level":"error","error":"exit status 1","time":"2024-06-24T16:28:20+07:00","message":"Failed to get wireguard peer status"}
{"level":"error","error":"exit status 1","time":"2024-06-24T16:28:20+07:00","message":"Failed to read peer status"}
{"level":"error","error":"exit status 1","time":"2024-06-24T16:28:42+07:00","message":"Failed to get wireguard peer status"}
{"level":"error","error":"exit status 1","time":"2024-06-24T16:28:42+07:00","message":"Failed to read peer status"}
{"level":"error","error":"exit status 1","time":"2024-06-24T16:28:42+07:00","message":"Failed to get wireguard peer status"}
{"level":"error","error":"exit status 1","time":"2024-06-24T16:28:42+07:00","message":"Failed to read peer status"}
{"level":"error","error":"exit status 1","time":"2024-06-24T16:28:53+07:00","message":"Failed to get wireguard peer status"}
{"level":"error","error":"exit status 1","time":"2024-06-24T16:28:53+07:00","message":"Failed to read peer status"}
{"level":"error","error":"exit status 1","time":"2024-06-24T16:28:53+07:00","message":"Failed to get wireguard peer status"}
{"level":"error","error":"exit status 1","time":"2024-06-24T16:28:53+07:00","message":"Failed to read peer status"}
{"level":"error","error":"exit status 1","time":"2024-06-24T16:29:08+07:00","message":"Failed to get wireguard peer status"}
{"level":"error","error":"exit status 1","time":"2024-06-24T16:29:08+07:00","message":"Failed to read peer status"}
{"level":"error","error":"exit status 1","time":"2024-06-24T16:29:08+07:00","message":"Failed to get wireguard peer status"}
{"level":"error","error":"exit status 1","time":"2024-06-24T16:29:08+07:00","message":"Failed to read peer status"}
{"level":"error","error":"exit status 1","time":"2024-06-24T16:29:11+07:00","message":"Failed to get wireguard peer status"}
{"level":"error","error":"exit status 1","time":"2024-06-24T16:29:11+07:00","message":"Failed to read peer status"}
{"level":"error","error":"exit status 1","time":"2024-06-24T16:29:11+07:00","message":"Failed to get wireguard peer status"}
{"level":"error","error":"exit status 1","time":"2024-06-24T16:29:11+07:00","message":"Failed to read peer status"}
{"level":"error","error":"exit status 1","time":"2024-06-24T16:29:33+07:00","message":"Failed to get wireguard peer status"}
{"level":"error","error":"exit status 1","time":"2024-06-24T16:29:33+07:00","message":"Failed to read peer status"}
{"level":"error","error":"exit status 1","time":"2024-06-24T16:29:33+07:00","message":"Failed to get wireguard peer status"}
{"level":"error","error":"exit status 1","time":"2024-06-24T16:29:33+07:00","message":"Failed to read peer status"}
{"level":"error","error":"exit status 1","time":"2024-06-24T16:29:33+07:00","message":"Failed to get wireguard peer status"}
{"level":"error","error":"exit status 1","time":"2024-06-24T16:29:33+07:00","message":"Failed to read peer status"}
{"level":"error","error":"exit status 1","time":"2024-06-24T16:29:33+07:00","message":"Failed to get wireguard peer status"}
{"level":"error","error":"exit status 1","time":"2024-06-24T16:29:33+07:00","message":"Failed to read peer status"}
{"level":"error","error":"exit status 1","time":"2024-06-24T16:29:33+07:00","message":"Failed to get wireguard peer status"}
{"level":"error","error":"exit status 1","time":"2024-06-24T16:29:33+07:00","message":"Failed to read peer status"}
{"level":"error","error":"exit status 1","time":"2024-06-24T16:29:33+07:00","message":"Failed to get wireguard peer status"}
{"level":"error","error":"exit status 1","time":"2024-06-24T16:29:33+07:00","message":"Failed to read peer status"}
{"level":"error","error":"exit status 1","time":"2024-06-24T16:30:38+07:00","message":"Failed to get wireguard peer status"}
{"level":"error","error":"exit status 1","time":"2024-06-24T16:30:38+07:00","message":"Failed to read peer status"}
{"level":"error","error":"exit status 1","time":"2024-06-24T16:30:38+07:00","message":"Failed to get wireguard peer status"}
{"level":"error","error":"exit status 1","time":"2024-06-24T16:30:38+07:00","message":"Failed to read peer status"}
{"level":"error","error":"exit status 1","time":"2024-06-24T16:31:59+07:00","message":"Failed to get wireguard peer status"}
{"level":"error","error":"exit status 1","time":"2024-06-24T16:31:59+07:00","message":"Failed to read peer status"}
{"level":"error","error":"exit status 1","time":"2024-06-24T16:31:59+07:00","message":"Failed to get wireguard peer status"}
{"level":"error","error":"exit status 1","time":"2024-06-24T16:31:59+07:00","message":"Failed to read peer status"}
{"level":"error","error":"exit status 1","time":"2024-06-24T16:34:30+07:00","message":"Failed to get wireguard peer status"}
{"level":"error","error":"exit status 1","time":"2024-06-24T16:34:30+07:00","message":"Failed to read peer status"}
{"level":"error","error":"exit status 1","time":"2024-06-24T16:34:30+07:00","message":"Failed to get wireguard peer status"}
{"level":"error","error":"exit status 1","time":"2024-06-24T16:34:30+07:00","message":"Failed to read peer status"}
{"level":"error","error":"exit status 1","time":"2024-06-24T16:36:21+07:00","message":"Failed to get wireguard peer status"}
{"level":"error","error":"exit status 1","time":"2024-06-24T16:36:21+07:00","message":"Failed to read peer status"}
{"level":"error","error":"exit status 1","time":"2024-06-24T16:36:21+07:00","message":"Failed to get wireguard peer status"}
{"level":"error","error":"exit status 1","time":"2024-06-24T16:36:21+07:00","message":"Failed to read peer status"}
{"level":"info","fileLogging":true,"jsonLogOutput":false,"logDirectory":"log","fileName":"eztrust.log","maxSizeMB":100,"maxBackups":120,"maxAgeInDays":120,"time":"2024-06-24T16:40:54+07:00","message":"logging configured"}
{"level":"info","fileLogging":true,"jsonLogOutput":false,"logDirectory":"log","fileName":"eztrust.log","maxSizeMB":100,"maxBackups":120,"maxAgeInDays":120,"time":"2024-06-24T16:41:26+07:00","message":"logging configured"}
{"level":"info","time":"2024-06-24T16:41:26+07:00","message":"Starting API  server..."}
{"level":"info","fileLogging":true,"jsonLogOutput":false,"logDirectory":"log","fileName":"eztrust.log","maxSizeMB":100,"maxBackups":120,"maxAgeInDays":120,"time":"2024-06-24T16:48:06+07:00","message":"logging configured"}
{"level":"info","time":"2024-06-24T16:48:06+07:00","message":"Starting API  server..."}
{"level":"info","fileLogging":true,"jsonLogOutput":false,"logDirectory":"log","fileName":"eztrust.log","maxSizeMB":100,"maxBackups":120,"maxAgeInDays":120,"time":"2024-06-24T16:50:19+07:00","message":"logging configured"}
{"level":"info","time":"2024-06-24T16:50:19+07:00","message":"Starting API  server..."}
{"level":"info","fileLogging":true,"jsonLogOutput":false,"logDirectory":"log","fileName":"eztrust.log","maxSizeMB":100,"maxBackups":120,"maxAgeInDays":120,"time":"2024-07-09T21:15:31+07:00","message":"logging configured"}
{"level":"info","time":"2024-07-09T21:15:31+07:00","message":"Starting API  server..."}
{"level":"info","fileLogging":true,"jsonLogOutput":false,"logDirectory":"log","fileName":"eztrust.log","maxSizeMB":100,"maxBackups":120,"maxAgeInDays":120,"time":"2024-07-09T21:48:12+07:00","message":"logging configured"}
{"level":"info","time":"2024-07-09T21:48:12+07:00","message":"Starting API  server..."}
{"level":"info","fileLogging":true,"jsonLogOutput":false,"logDirectory":"log","fileName":"eztrust.log","maxSizeMB":100,"maxBackups":120,"maxAgeInDays":120,"time":"2024-07-09T21:50:54+07:00","message":"logging configured"}
{"level":"info","time":"2024-07-09T21:50:54+07:00","message":"Starting API  server..."}
{"level":"info","fileLogging":true,"jsonLogOutput":false,"logDirectory":"log","fileName":"eztrust.log","maxSizeMB":100,"maxBackups":120,"maxAgeInDays":120,"time":"2024-07-09T21:52:14+07:00","message":"logging configured"}
{"level":"info","time":"2024-07-09T21:52:14+07:00","message":"Starting API  server..."}
{"level":"info","fileLogging":true,"jsonLogOutput":false,"logDirectory":"log","fileName":"eztrust.log","maxSizeMB":100,"maxBackups":120,"maxAgeInDays":120,"time":"2024-07-09T21:58:54+07:00","message":"logging configured"}
{"level":"info","time":"2024-07-09T21:58:54+07:00","message":"Starting API  server..."}
{"level":"info","fileLogging":true,"jsonLogOutput":false,"logDirectory":"log","fileName":"eztrust.log","maxSizeMB":100,"maxBackups":120,"maxAgeInDays":120,"time":"2024-07-09T22:00:32+07:00","message":"logging configured"}
{"level":"info","time":"2024-07-09T22:00:32+07:00","message":"Starting API  server..."}
{"level":"info","fileLogging":true,"jsonLogOutput":false,"logDirectory":"log","fileName":"eztrust.log","maxSizeMB":100,"maxBackups":120,"maxAgeInDays":120,"time":"2024-07-09T22:22:26+07:00","message":"logging configured"}
{"level":"info","time":"2024-07-09T22:22:26+07:00","message":"Starting API  server..."}
{"level":"info","fileLogging":true,"jsonLogOutput":false,"logDirectory":"log","fileName":"eztrust.log","maxSizeMB":100,"maxBackups":120,"maxAgeInDays":120,"time":"2024-07-09T22:25:31+07:00","message":"logging configured"}
{"level":"info","time":"2024-07-09T22:25:31+07:00","message":"Starting API  server..."}
